c:\users\yeojin\source\catgame\x64\debug\vc143.pdb
c:\users\yeojin\source\catgame\x64\debug\vc143.idb
c:\users\yeojin\source\catgame\x64\debug\startgame.obj
c:\users\yeojin\source\catgame\x64\debug\maingame.obj
c:\users\yeojin\source\catgame\x64\debug\catgame.pdb
c:\users\yeojin\source\catgame\x64\debug\catgame.tlog\cl.command.1.tlog
c:\users\yeojin\source\catgame\x64\debug\catgame.tlog\cl.items.tlog
c:\users\yeojin\source\catgame\x64\debug\catgame.tlog\cl.read.1.tlog
c:\users\yeojin\source\catgame\x64\debug\catgame.tlog\cl.write.1.tlog
c:\users\yeojin\source\catgame\x64\debug\catgame.tlog\link-cvtres.read.1.tlog
c:\users\yeojin\source\catgame\x64\debug\catgame.tlog\link-cvtres.write.1.tlog
c:\users\yeojin\source\catgame\x64\debug\catgame.tlog\link-rc.read.1.tlog
c:\users\yeojin\source\catgame\x64\debug\catgame.tlog\link-rc.write.1.tlog
c:\users\yeojin\source\catgame\x64\debug\catgame.tlog\link.11540-cvtres.read.1.tlog
c:\users\yeojin\source\catgame\x64\debug\catgame.tlog\link.11540-cvtres.write.1.tlog
c:\users\yeojin\source\catgame\x64\debug\catgame.tlog\link.11540-rc.read.1.tlog
c:\users\yeojin\source\catgame\x64\debug\catgame.tlog\link.11540-rc.write.1.tlog
c:\users\yeojin\source\catgame\x64\debug\catgame.tlog\link.11540.read.1.tlog
c:\users\yeojin\source\catgame\x64\debug\catgame.tlog\link.11540.read.2.tlog
c:\users\yeojin\source\catgame\x64\debug\catgame.tlog\link.11540.write.1.tlog
c:\users\yeojin\source\catgame\x64\debug\catgame.tlog\link.command.1.tlog
c:\users\yeojin\source\catgame\x64\debug\catgame.tlog\link.read.1.tlog
c:\users\yeojin\source\catgame\x64\debug\catgame.tlog\link.read.2.tlog
c:\users\yeojin\source\catgame\x64\debug\catgame.tlog\link.write.1.tlog
